<?xml version="1.0" encoding="UTF-8"?>
<!-- Generated by org.testng.reporters.JUnitReportReporter -->
<testsuite hostname="ITDVK-TST013L" failures="0" tests="10" name="PNP_Management.VendorMasterTest" time="276.348" errors="0" timestamp="2025-01-01T11:17:10 IST" skipped="0">
  <testcase classname="PNP_Management.VendorMasterTest" name="userAbleTocreateVendorMaster" time="26.334"/>
  <system-out/>
  <testcase classname="PNP_Management.VendorMasterTest" name="userAbleTocreateVendorMaster" time="29.439"/>
  <system-out/>
  <testcase classname="PNP_Management.VendorMasterTest" name="userAbleTocreateVendorMaster" time="25.921"/>
  <system-out/>
  <testcase classname="PNP_Management.VendorMasterTest" name="userAbleTocreateVendorMaster" time="27.831"/>
  <system-out/>
  <testcase classname="PNP_Management.VendorMasterTest" name="userAbleTocreateVendorMaster" time="28.184"/>
  <system-out/>
  <testcase classname="PNP_Management.VendorMasterTest" name="userAbleTocreateVendorMaster" time="27.458"/>
  <system-out/>
  <testcase classname="PNP_Management.VendorMasterTest" name="userAbleTocreateVendorMaster" time="28.465"/>
  <system-out/>
  <testcase classname="PNP_Management.VendorMasterTest" name="userAbleTocreateVendorMaster" time="26.756"/>
  <system-out/>
  <testcase classname="PNP_Management.VendorMasterTest" name="userAbleTocreateVendorMaster" time="28.240"/>
  <system-out/>
  <testcase classname="PNP_Management.VendorMasterTest" name="userAbleTocreateVendorMaster" time="27.720"/>
  <system-out/>
</testsuite> <!-- PNP_Management.VendorMasterTest -->
